This file contains any messages produced by compilers while
running configure, to aid debugging if configure makes a mistake.

It was created by patchelf configure 0.9, which was
generated by GNU Autoconf 2.69.  Invocation command line was

  $ ./configure --host=aarch64-linux-android CC=aarch64-linux-android-gcc CXX=aarch64-linux-android-g++ CFLAGS=-static -O2 -fPIE LDFLAGS=-static -O2 -fPIE

## --------- ##
## Platform. ##
## --------- ##

hostname = devil
uname -m = x86_64
uname -r = 4.4.0-2-deepin-amd64
uname -s = Linux
uname -v = #1 SMP Deepin 4.4.6-4 (2016-07-01)

/usr/bin/uname -p = unknown
/bin/uname -X     = unknown

/bin/arch              = unknown
/usr/bin/arch -k       = unknown
/usr/convex/getsysinfo = unknown
/usr/bin/hostinfo      = unknown
/bin/machine           = unknown
/usr/bin/oslevel       = unknown
/bin/universe          = unknown

PATH: /home/crixec/Android/android-ndk-r11c
PATH: /home/crixec/opt/jdk1.8.0_102/bin
PATH: /home/crixec/opt/jdk1.8.0_102/jre/bin
PATH: /home/crixec/opt/aarch64-linux-android/bin
PATH: /home/crixec/opt/arm-linux-androideabi/bin
PATH: /usr/local/bin
PATH: /usr/bin
PATH: /bin
PATH: /usr/local/games
PATH: /usr/games


## ----------- ##
## Core tests. ##
## ----------- ##

configure:1885: checking for a BSD-compatible install
configure:1953: result: /usr/bin/install -c
configure:1964: checking whether build environment is sane
configure:2019: result: yes
configure:2078: checking for aarch64-linux-android-strip
configure:2094: found /home/crixec/opt/aarch64-linux-android/bin/aarch64-linux-android-strip
configure:2105: result: aarch64-linux-android-strip
configure:2170: checking for a thread-safe mkdir -p
configure:2209: result: /bin/mkdir -p
configure:2216: checking for gawk
configure:2232: found /usr/bin/gawk
configure:2243: result: gawk
configure:2254: checking whether make sets $(MAKE)
configure:2276: result: yes
configure:2305: checking whether make supports nested variables
configure:2322: result: yes
configure:2461: checking for style of include used by make
configure:2489: result: GNU
configure:2520: checking for aarch64-linux-android-gcc
configure:2547: result: aarch64-linux-android-gcc
configure:2816: checking for C compiler version
configure:2825: aarch64-linux-android-gcc --version >&5
aarch64-linux-android-gcc (GCC) 4.9.x 20150123 (prerelease)
Copyright (C) 2014 Free Software Foundation, Inc.
This is free software; see the source for copying conditions.  There is NO
warranty; not even for MERCHANTABILITY or FITNESS FOR A PARTICULAR PURPOSE.

configure:2836: $? = 0
configure:2825: aarch64-linux-android-gcc -v >&5
Using built-in specs.
COLLECT_GCC=aarch64-linux-android-gcc
COLLECT_LTO_WRAPPER=/home/crixec/opt/aarch64-linux-android/bin/../libexec/gcc/aarch64-linux-android/4.9.x/lto-wrapper
Target: aarch64-linux-android
Configured with: /usr/local/google/buildbot/src/android/gcc/toolchain/build/../gcc/gcc-4.9/configure --prefix=/tmp/8ee0b8157b3409c4b84fff35696d6c90 --target=aarch64-linux-android --host=x86_64-linux-gnu --build=x86_64-linux-gnu --with-gnu-as --with-gnu-ld --enable-languages=c,c++ --with-gmp=/buildbot/tmp/build/toolchain/temp-install --with-mpfr=/buildbot/tmp/build/toolchain/temp-install --with-mpc=/buildbot/tmp/build/toolchain/temp-install --with-cloog=/buildbot/tmp/build/toolchain/temp-install --with-isl=/buildbot/tmp/build/toolchain/temp-install --with-ppl=/buildbot/tmp/build/toolchain/temp-install --disable-ppl-version-check --disable-cloog-version-check --disable-isl-version-check --enable-cloog-backend=isl --with-host-libstdcxx='-static-libgcc -Wl,-Bstatic,-lstdc++,-Bdynamic -lm' --disable-libssp --enable-threads --disable-nls --disable-libmudflap --disable-libgomp --disable-libstdc__-v3 --disable-sjlj-exceptions --disable-shared --disable-tls --disable-libitm --enable-bionic-libs --enable-libatomic-ifuncs=no --enable-initfini-array --disable-nls --prefix=/tmp/8ee0b8157b3409c4b84fff35696d6c90 --with-sysroot=/tmp/8ee0b8157b3409c4b84fff35696d6c90/sysroot --with-binutils-version=2.25 --with-mpfr-version=3.1.1 --with-mpc-version=1.0.1 --with-gmp-version=5.0.5 --with-gcc-version=4.9 --with-gdb-version=none --with-gxx-include-dir=/tmp/8ee0b8157b3409c4b84fff35696d6c90/include/c++/4.9.x --with-bugurl=http://source.android.com/source/report-bugs.html --enable-languages=c,c++ --disable-bootstrap --enable-plugins --enable-libgomp --enable-gnu-indirect-function --disable-libsanitizer --enable-gold --enable-ld=default --enable-threads --enable-eh-frame-hdr-for-static --enable-fix-cortex-a53-835769 --enable-graphite=yes --with-isl-version=0.11.1 --with-cloog-version=0.18.0 --program-transform-name='s&^&aarch64-linux-android-&' --enable-gold
Thread model: posix
gcc version 4.9.x 20150123 (prerelease) (GCC) 
configure:2836: $? = 0
configure:2825: aarch64-linux-android-gcc -V >&5
aarch64-linux-android-gcc: error: unrecognized command line option '-V'
aarch64-linux-android-gcc: fatal error: no input files
compilation terminated.
configure:2836: $? = 1
configure:2825: aarch64-linux-android-gcc -qversion >&5
aarch64-linux-android-gcc: error: unrecognized command line option '-qversion'
aarch64-linux-android-gcc: fatal error: no input files
compilation terminated.
configure:2836: $? = 1
configure:2856: checking whether the C compiler works
configure:2878: aarch64-linux-android-gcc -static -O2 -fPIE  -static -O2 -fPIE conftest.c  >&5
configure:2882: $? = 0
configure:2930: result: yes
configure:2933: checking for C compiler default output file name
configure:2935: result: a.out
configure:2941: checking for suffix of executables
configure:2948: aarch64-linux-android-gcc -o conftest -static -O2 -fPIE  -static -O2 -fPIE conftest.c  >&5
configure:2952: $? = 0
configure:2974: result: 
configure:2996: checking whether we are cross compiling
configure:3004: aarch64-linux-android-gcc -o conftest -static -O2 -fPIE  -static -O2 -fPIE conftest.c  >&5
configure:3008: $? = 0
configure:3015: ./conftest
./configure: line 3017: ./conftest: cannot execute binary file: Exec format error
configure:3019: $? = 126
configure:3034: result: yes
configure:3039: checking for suffix of object files
configure:3061: aarch64-linux-android-gcc -c -static -O2 -fPIE  conftest.c >&5
configure:3065: $? = 0
configure:3086: result: o
configure:3090: checking whether we are using the GNU C compiler
configure:3109: aarch64-linux-android-gcc -c -static -O2 -fPIE  conftest.c >&5
configure:3109: $? = 0
configure:3118: result: yes
configure:3127: checking whether aarch64-linux-android-gcc accepts -g
configure:3147: aarch64-linux-android-gcc -c -g  conftest.c >&5
configure:3147: $? = 0
configure:3188: result: yes
configure:3205: checking for aarch64-linux-android-gcc option to accept ISO C89
configure:3268: aarch64-linux-android-gcc  -c -static -O2 -fPIE  conftest.c >&5
configure:3268: $? = 0
configure:3281: result: none needed
configure:3306: checking whether aarch64-linux-android-gcc understands -c and -o together
configure:3328: aarch64-linux-android-gcc -c conftest.c -o conftest2.o
configure:3331: $? = 0
configure:3328: aarch64-linux-android-gcc -c conftest.c -o conftest2.o
configure:3331: $? = 0
configure:3343: result: yes
configure:3362: checking dependency style of aarch64-linux-android-gcc
configure:3473: result: gcc3
configure:3601: checking for C++ compiler version
configure:3610: aarch64-linux-android-g++ --version >&5
aarch64-linux-android-g++ (GCC) 4.9.x 20150123 (prerelease)
Copyright (C) 2014 Free Software Foundation, Inc.
This is free software; see the source for copying conditions.  There is NO
warranty; not even for MERCHANTABILITY or FITNESS FOR A PARTICULAR PURPOSE.

configure:3621: $? = 0
configure:3610: aarch64-linux-android-g++ -v >&5
Using built-in specs.
COLLECT_GCC=aarch64-linux-android-g++
COLLECT_LTO_WRAPPER=/home/crixec/opt/aarch64-linux-android/bin/../libexec/gcc/aarch64-linux-android/4.9.x/lto-wrapper
Target: aarch64-linux-android
Configured with: /usr/local/google/buildbot/src/android/gcc/toolchain/build/../gcc/gcc-4.9/configure --prefix=/tmp/8ee0b8157b3409c4b84fff35696d6c90 --target=aarch64-linux-android --host=x86_64-linux-gnu --build=x86_64-linux-gnu --with-gnu-as --with-gnu-ld --enable-languages=c,c++ --with-gmp=/buildbot/tmp/build/toolchain/temp-install --with-mpfr=/buildbot/tmp/build/toolchain/temp-install --with-mpc=/buildbot/tmp/build/toolchain/temp-install --with-cloog=/buildbot/tmp/build/toolchain/temp-install --with-isl=/buildbot/tmp/build/toolchain/temp-install --with-ppl=/buildbot/tmp/build/toolchain/temp-install --disable-ppl-version-check --disable-cloog-version-check --disable-isl-version-check --enable-cloog-backend=isl --with-host-libstdcxx='-static-libgcc -Wl,-Bstatic,-lstdc++,-Bdynamic -lm' --disable-libssp --enable-threads --disable-nls --disable-libmudflap --disable-libgomp --disable-libstdc__-v3 --disable-sjlj-exceptions --disable-shared --disable-tls --disable-libitm --enable-bionic-libs --enable-libatomic-ifuncs=no --enable-initfini-array --disable-nls --prefix=/tmp/8ee0b8157b3409c4b84fff35696d6c90 --with-sysroot=/tmp/8ee0b8157b3409c4b84fff35696d6c90/sysroot --with-binutils-version=2.25 --with-mpfr-version=3.1.1 --with-mpc-version=1.0.1 --with-gmp-version=5.0.5 --with-gcc-version=4.9 --with-gdb-version=none --with-gxx-include-dir=/tmp/8ee0b8157b3409c4b84fff35696d6c90/include/c++/4.9.x --with-bugurl=http://source.android.com/source/report-bugs.html --enable-languages=c,c++ --disable-bootstrap --enable-plugins --enable-libgomp --enable-gnu-indirect-function --disable-libsanitizer --enable-gold --enable-ld=default --enable-threads --enable-eh-frame-hdr-for-static --enable-fix-cortex-a53-835769 --enable-graphite=yes --with-isl-version=0.11.1 --with-cloog-version=0.18.0 --program-transform-name='s&^&aarch64-linux-android-&' --enable-gold
Thread model: posix
gcc version 4.9.x 20150123 (prerelease) (GCC) 
configure:3621: $? = 0
configure:3610: aarch64-linux-android-g++ -V >&5
aarch64-linux-android-g++: error: unrecognized command line option '-V'
aarch64-linux-android-g++: fatal error: no input files
compilation terminated.
configure:3621: $? = 1
configure:3610: aarch64-linux-android-g++ -qversion >&5
aarch64-linux-android-g++: error: unrecognized command line option '-qversion'
aarch64-linux-android-g++: fatal error: no input files
compilation terminated.
configure:3621: $? = 1
configure:3625: checking whether we are using the GNU C++ compiler
configure:3644: aarch64-linux-android-g++ -c   conftest.cpp >&5
configure:3644: $? = 0
configure:3653: result: yes
configure:3662: checking whether aarch64-linux-android-g++ accepts -g
configure:3682: aarch64-linux-android-g++ -c -g  conftest.cpp >&5
configure:3682: $? = 0
configure:3723: result: yes
configure:3748: checking dependency style of aarch64-linux-android-g++
configure:3859: result: gcc3
configure:3897: result: Setting page size to 4096
configure:4047: checking that generated files are newer than configure
configure:4053: result: done
configure:4080: creating ./config.status

## ---------------------- ##
## Running config.status. ##
## ---------------------- ##

This file was extended by patchelf config.status 0.9, which was
generated by GNU Autoconf 2.69.  Invocation command line was

  CONFIG_FILES    = 
  CONFIG_HEADERS  = 
  CONFIG_LINKS    = 
  CONFIG_COMMANDS = 
  $ ./config.status 

on devil

config.status:781: creating Makefile
config.status:781: creating src/Makefile
config.status:781: creating tests/Makefile
config.status:781: creating patchelf.spec
config.status:953: executing depfiles commands

## ---------------- ##
## Cache variables. ##
## ---------------- ##

ac_cv_c_compiler_gnu=yes
ac_cv_cxx_compiler_gnu=yes
ac_cv_env_CCC_set=
ac_cv_env_CCC_value=
ac_cv_env_CC_set=set
ac_cv_env_CC_value=aarch64-linux-android-gcc
ac_cv_env_CFLAGS_set=set
ac_cv_env_CFLAGS_value='-static -O2 -fPIE'
ac_cv_env_CPPFLAGS_set=
ac_cv_env_CPPFLAGS_value=
ac_cv_env_CXXFLAGS_set=
ac_cv_env_CXXFLAGS_value=
ac_cv_env_CXX_set=set
ac_cv_env_CXX_value=aarch64-linux-android-g++
ac_cv_env_LDFLAGS_set=set
ac_cv_env_LDFLAGS_value='-static -O2 -fPIE'
ac_cv_env_LIBS_set=
ac_cv_env_LIBS_value=
ac_cv_env_build_alias_set=
ac_cv_env_build_alias_value=
ac_cv_env_host_alias_set=set
ac_cv_env_host_alias_value=aarch64-linux-android
ac_cv_env_target_alias_set=
ac_cv_env_target_alias_value=
ac_cv_objext=o
ac_cv_path_install='/usr/bin/install -c'
ac_cv_path_mkdir=/bin/mkdir
ac_cv_prog_AWK=gawk
ac_cv_prog_CC=aarch64-linux-android-gcc
ac_cv_prog_STRIP=aarch64-linux-android-strip
ac_cv_prog_cc_c89=
ac_cv_prog_cc_g=yes
ac_cv_prog_cxx_g=yes
ac_cv_prog_make_make_set=yes
am_cv_CC_dependencies_compiler_type=gcc3
am_cv_CXX_dependencies_compiler_type=gcc3
am_cv_make_support_nested_variables=yes
am_cv_prog_cc_c_o=yes

## ----------------- ##
## Output variables. ##
## ----------------- ##

ACLOCAL='${SHELL} /home/crixec/workspace/cross/patchelf-0.9/build-aux/missing aclocal-1.15'
AMDEPBACKSLASH='\'
AMDEP_FALSE='#'
AMDEP_TRUE=''
AMTAR='$${TAR-tar}'
AM_BACKSLASH='\'
AM_DEFAULT_V='$(AM_DEFAULT_VERBOSITY)'
AM_DEFAULT_VERBOSITY='1'
AM_V='$(V)'
AUTOCONF='${SHELL} /home/crixec/workspace/cross/patchelf-0.9/build-aux/missing autoconf'
AUTOHEADER='${SHELL} /home/crixec/workspace/cross/patchelf-0.9/build-aux/missing autoheader'
AUTOMAKE='${SHELL} /home/crixec/workspace/cross/patchelf-0.9/build-aux/missing automake-1.15'
AWK='gawk'
CC='aarch64-linux-android-gcc'
CCDEPMODE='depmode=gcc3'
CFLAGS='-static -O2 -fPIE'
CPPFLAGS=''
CXX='aarch64-linux-android-g++'
CXXDEPMODE='depmode=gcc3'
CXXFLAGS='-g -O2'
CYGPATH_W='echo'
DEFS='-DPACKAGE_NAME=\"patchelf\" -DPACKAGE_TARNAME=\"patchelf\" -DPACKAGE_VERSION=\"0.9\" -DPACKAGE_STRING=\"patchelf\ 0.9\" -DPACKAGE_BUGREPORT=\"\" -DPACKAGE_URL=\"\" -DPACKAGE=\"patchelf\" -DVERSION=\"0.9\" -DPAGESIZE=4096'
DEPDIR='.deps'
ECHO_C=''
ECHO_N='-n'
ECHO_T=''
EXEEXT=''
INSTALL_DATA='${INSTALL} -m 644'
INSTALL_PROGRAM='${INSTALL}'
INSTALL_SCRIPT='${INSTALL}'
INSTALL_STRIP_PROGRAM='$(install_sh) -c -s'
LDFLAGS='-static -O2 -fPIE'
LIBOBJS=''
LIBS=''
LTLIBOBJS=''
MAKEINFO='${SHELL} /home/crixec/workspace/cross/patchelf-0.9/build-aux/missing makeinfo'
MKDIR_P='/bin/mkdir -p'
OBJEXT='o'
PACKAGE='patchelf'
PACKAGE_BUGREPORT=''
PACKAGE_NAME='patchelf'
PACKAGE_STRING='patchelf 0.9'
PACKAGE_TARNAME='patchelf'
PACKAGE_URL=''
PACKAGE_VERSION='0.9'
PATH_SEPARATOR=':'
SET_MAKE=''
SHELL='/bin/bash'
STRIP='aarch64-linux-android-strip'
VERSION='0.9'
ac_ct_CC=''
ac_ct_CXX=''
am__EXEEXT_FALSE=''
am__EXEEXT_TRUE='#'
am__fastdepCC_FALSE='#'
am__fastdepCC_TRUE=''
am__fastdepCXX_FALSE='#'
am__fastdepCXX_TRUE=''
am__include='include'
am__isrc=''
am__leading_dot='.'
am__nodep='_no'
am__quote=''
am__tar='$${TAR-tar} chof - "$$tardir"'
am__untar='$${TAR-tar} xf -'
bindir='${exec_prefix}/bin'
build_alias=''
datadir='${datarootdir}'
datarootdir='${prefix}/share'
docdir='${datarootdir}/doc/${PACKAGE_TARNAME}'
dvidir='${docdir}'
exec_prefix='${prefix}'
host_alias='aarch64-linux-android'
htmldir='${docdir}'
includedir='${prefix}/include'
infodir='${datarootdir}/info'
install_sh='${SHELL} /home/crixec/workspace/cross/patchelf-0.9/build-aux/install-sh'
libdir='${exec_prefix}/lib'
libexecdir='${exec_prefix}/libexec'
localedir='${datarootdir}/locale'
localstatedir='${prefix}/var'
mandir='${datarootdir}/man'
mkdir_p='$(MKDIR_P)'
oldincludedir='/usr/include'
pdfdir='${docdir}'
prefix='/usr/local'
program_transform_name='s,x,x,'
psdir='${docdir}'
sbindir='${exec_prefix}/sbin'
sharedstatedir='${prefix}/com'
sysconfdir='${prefix}/etc'
target_alias=''

## ----------- ##
## confdefs.h. ##
## ----------- ##

/* confdefs.h */
#define PACKAGE_NAME "patchelf"
#define PACKAGE_TARNAME "patchelf"
#define PACKAGE_VERSION "0.9"
#define PACKAGE_STRING "patchelf 0.9"
#define PACKAGE_BUGREPORT ""
#define PACKAGE_URL ""
#define PACKAGE "patchelf"
#define VERSION "0.9"
#define PAGESIZE 4096

configure: exit 0
